0 info it worked if it ends with ok
1 verbose cli [ '/home/ubuntu/.nvm/versions/node/v4.1.1/bin/node',
1 verbose cli   '/home/ubuntu/.nvm/versions/node/v4.1.1/bin/npm',
1 verbose cli   'bugs',
1 verbose cli   'cookieshare' ]
2 info using npm@2.14.4
3 info using node@v4.1.1
4 silly mapToRegistry name cookieshare
5 silly mapToRegistry using default registry
6 silly mapToRegistry registry https://registry.npmjs.org/
7 silly mapToRegistry uri https://registry.npmjs.org/cookieshare
8 verbose request uri https://registry.npmjs.org/cookieshare/latest
9 verbose request no auth needed
10 info attempt registry request try #1 at 12:45:45 AM
11 verbose request id 60c9ca034c61b87e
12 http request GET https://registry.npmjs.org/cookieshare/latest
13 http 404 https://registry.npmjs.org/cookieshare/latest
14 verbose headers { server: 'CouchDB/1.5.0 (Erlang OTP/R16B03)',
14 verbose headers   'content-type': 'application/json',
14 verbose headers   'cache-control': 'max-age=0',
14 verbose headers   'content-length': '51',
14 verbose headers   'accept-ranges': 'bytes',
14 verbose headers   date: 'Fri, 19 Feb 2016 00:45:45 GMT',
14 verbose headers   via: '1.1 varnish',
14 verbose headers   age: '0',
14 verbose headers   connection: 'keep-alive',
14 verbose headers   'x-served-by': 'cache-dfw1820-DFW',
14 verbose headers   'x-cache': 'MISS',
14 verbose headers   'x-cache-hits': '0',
14 verbose headers   'x-timer': 'S1455842745.479499,VS0,VE75' }
15 silly get cb [ 404,
15 silly get   { server: 'CouchDB/1.5.0 (Erlang OTP/R16B03)',
15 silly get     'content-type': 'application/json',
15 silly get     'cache-control': 'max-age=0',
15 silly get     'content-length': '51',
15 silly get     'accept-ranges': 'bytes',
15 silly get     date: 'Fri, 19 Feb 2016 00:45:45 GMT',
15 silly get     via: '1.1 varnish',
15 silly get     age: '0',
15 silly get     connection: 'keep-alive',
15 silly get     'x-served-by': 'cache-dfw1820-DFW',
15 silly get     'x-cache': 'MISS',
15 silly get     'x-cache-hits': '0',
15 silly get     'x-timer': 'S1455842745.479499,VS0,VE75' } ]
16 verbose stack Error: 404 Not Found: cookieshare
16 verbose stack     at makeError (/home/ubuntu/.nvm/versions/node/v4.1.1/lib/node_modules/npm/node_modules/npm-registry-client/lib/request.js:263:12)
16 verbose stack     at CachingRegistryClient.<anonymous> (/home/ubuntu/.nvm/versions/node/v4.1.1/lib/node_modules/npm/node_modules/npm-registry-client/lib/request.js:249:14)
16 verbose stack     at Request._callback (/home/ubuntu/.nvm/versions/node/v4.1.1/lib/node_modules/npm/node_modules/npm-registry-client/lib/request.js:171:14)
16 verbose stack     at Request.self.callback (/home/ubuntu/.nvm/versions/node/v4.1.1/lib/node_modules/npm/node_modules/request/request.js:198:22)
16 verbose stack     at emitTwo (events.js:87:13)
16 verbose stack     at Request.emit (events.js:172:7)
16 verbose stack     at Request.<anonymous> (/home/ubuntu/.nvm/versions/node/v4.1.1/lib/node_modules/npm/node_modules/request/request.js:1073:14)
16 verbose stack     at emitOne (events.js:82:20)
16 verbose stack     at Request.emit (events.js:169:7)
16 verbose stack     at IncomingMessage.<anonymous> (/home/ubuntu/.nvm/versions/node/v4.1.1/lib/node_modules/npm/node_modules/request/request.js:1019:12)
17 verbose statusCode 404
18 verbose pkgid cookieshare
19 verbose cwd /home/ubuntu/workspace
20 error Linux 4.2.0-c9
21 error argv "/home/ubuntu/.nvm/versions/node/v4.1.1/bin/node" "/home/ubuntu/.nvm/versions/node/v4.1.1/bin/npm" "bugs" "cookieshare"
22 error node v4.1.1
23 error npm  v2.14.4
24 error code E404
25 error 404 Not Found: cookieshare
25 error 404
25 error 404 'cookieshare' is not in the npm registry.
25 error 404 You should bug the author to publish it (or use the name yourself!)
25 error 404
25 error 404 Note that you can also install from a
25 error 404 tarball, folder, http url, or git url.
26 verbose exit [ 1, true ]
